<?xml version="1.0" encoding="UTF-8"?>
<!-- Generated by org.testng.reporters.JUnitReportReporter -->
<testsuite skipped="0" hostname="DESKTOP-OSM92AT" name="com.TestNgPractice.StudentModule" tests="5" failures="0" timestamp="2022-08-17T13:14:55 IST" time="27.350" errors="0">
  <testcase name="SignUp" time="14.294" classname="com.TestNgPractice.StudentModule"/>
  <system-out/>
  <testcase name="SttdHomePage" time="1.998" classname="com.TestNgPractice.StudentModule"/>
  <system-out/>
  <testcase name="stdTakingQuiz" time="4.288" classname="com.TestNgPractice.StudentModule"/>
  <system-out/>
  <testcase name="StdLogOut" time="3.902" classname="com.TestNgPractice.StudentModule"/>
  <system-out/>
  <testcase name="AdnLogin" time="2.868" classname="com.TestNgPractice.StudentModule"/>
  <system-out/>
</testsuite> <!-- com.TestNgPractice.StudentModule -->
