<?xml version="1.0" encoding="UTF-8"?>
<!-- Generated by org.testng.reporters.JUnitReportReporter -->
<testsuite skipped="0" hostname="DESKTOP-OSM92AT" name="com.TestNgPractice.StudentModuleTests" tests="6" failures="0" timestamp="2022-08-16T13:00:26 IST" time="0.053" errors="0">
  <testcase name="StudentSignup" time="0.037" classname="com.TestNgPractice.StudentModuleTests"/>
  <system-out/>
  <testcase name="StudentHomePage" time="0.000" classname="com.TestNgPractice.StudentModuleTests"/>
  <system-out/>
  <testcase name="StudentTakingQuiz" time="0.000" classname="com.TestNgPractice.StudentModuleTests"/>
  <system-out/>
  <testcase name="StudentCheckingRank" time="0.000" classname="com.TestNgPractice.StudentModuleTests"/>
  <system-out/>
  <testcase name="StudentHistory" time="0.016" classname="com.TestNgPractice.StudentModuleTests"/>
  <system-out/>
  <testcase name="StudentGivingFeedBack" time="0.000" classname="com.TestNgPractice.StudentModuleTests"/>
  <system-out/>
</testsuite> <!-- com.TestNgPractice.StudentModuleTests -->
