<?xml version="1.0" encoding="UTF-8"?>
<!-- Generated by org.testng.reporters.JUnitReportReporter -->
<testsuite skipped="0" hostname="DESKTOP-OSM92AT" name="com.TestNgPractice.StudentModule2" tests="5" failures="0" timestamp="2022-08-19T12:53:38 IST" time="18.395" errors="0">
  <testcase name="SignUp" time="6.601" classname="com.TestNgPractice.StudentModule2"/>
  <system-out/>
  <testcase name="SttdHomePage" time="0.777" classname="com.TestNgPractice.StudentModule2"/>
  <system-out/>
  <testcase name="stdTakingQuiz" time="3.338" classname="com.TestNgPractice.StudentModule2"/>
  <system-out/>
  <testcase name="StdLogOut" time="4.311" classname="com.TestNgPractice.StudentModule2"/>
  <system-out/>
  <testcase name="AdnLogin" time="3.368" classname="com.TestNgPractice.StudentModule2"/>
  <system-out/>
</testsuite> <!-- com.TestNgPractice.StudentModule2 -->
