<?xml version="1.0" encoding="UTF-8"?>
<!-- Generated by org.testng.reporters.JUnitReportReporter -->
<testsuite skipped="0" hostname="DESKTOP-OSM92AT" name="com.TestNgPractice.SampleTest" tests="1" failures="0" timestamp="2022-08-18T15:53:00 IST" time="2.188" errors="0">
  <testcase name="VerifyHome" time="2.188" classname="com.TestNgPractice.SampleTest"/>
  <system-out/>
</testsuite> <!-- com.TestNgPractice.SampleTest -->
